\BOOKMARK [0][-]{tit.0}{Title Page}{}% 1
\BOOKMARK [0][-]{abstract.0}{Abstract}{}% 2
\BOOKMARK [0][-]{ack.0}{Danksagung}{}% 3
\BOOKMARK [0][-]{content.0}{Contents}{}% 4
\BOOKMARK [0][-]{chapter*.2}{List of Figures}{}% 5
\BOOKMARK [0][-]{chapter*.3}{List of Tables}{}% 6
\BOOKMARK [0][-]{chapter.1}{1 Introduction}{}% 7
\BOOKMARK [1][-]{section.1.1}{1.1 Problem and Motivation}{chapter.1}% 8
\BOOKMARK [1][-]{section.1.2}{1.2 Objective}{chapter.1}% 9
\BOOKMARK [1][-]{section.1.3}{1.3 Structure}{chapter.1}% 10
\BOOKMARK [0][-]{chapter.2}{2 Related work}{}% 11
\BOOKMARK [0][-]{chapter.3}{3 Theory}{}% 12
\BOOKMARK [1][-]{section.3.1}{3.1 Model: Sequential}{chapter.3}% 13
\BOOKMARK [1][-]{section.3.2}{3.2 Model: Logarithmic}{chapter.3}% 14
\BOOKMARK [1][-]{section.3.3}{3.3 Model: Chunked-Swarm}{chapter.3}% 15
\BOOKMARK [0][-]{chapter.4}{4 Architecture}{}% 16
\BOOKMARK [0][-]{chapter.5}{5 Module: Core-Framework}{}% 17
\BOOKMARK [1][-]{section.5.1}{5.1 Network}{chapter.5}% 18
\BOOKMARK [2][-]{subsection.5.1.1}{5.1.1 Automatic Connect}{section.5.1}% 19
\BOOKMARK [2][-]{subsection.5.1.2}{5.1.2 Meta Data Announcements}{section.5.1}% 20
\BOOKMARK [2][-]{subsection.5.1.3}{5.1.3 Download Requests}{section.5.1}% 21
\BOOKMARK [2][-]{subsection.5.1.4}{5.1.4 Nonblocking I/O}{section.5.1}% 22
\BOOKMARK [2][-]{subsection.5.1.5}{5.1.5 Transport: In-VM and TCP}{section.5.1}% 23
\BOOKMARK [2][-]{subsection.5.1.6}{5.1.6 Traffic-Shaping}{section.5.1}% 24
\BOOKMARK [1][-]{section.5.2}{5.2 Concurrency}{chapter.5}% 25
\BOOKMARK [2][-]{subsection.5.2.1}{5.2.1 Event-Loop}{section.5.2}% 26
\BOOKMARK [2][-]{subsection.5.2.2}{5.2.2 Lock-Free Progamming}{section.5.2}% 27
\BOOKMARK [0][-]{chapter.6}{6 Module: DataBase}{}% 28
\BOOKMARK [1][-]{section.6.1}{6.1 Meta Data}{chapter.6}% 29
\BOOKMARK [1][-]{section.6.2}{6.2 Backends: Emulated, In-Memory and Persistent}{chapter.6}% 30
\BOOKMARK [0][-]{chapter.7}{7 Module: Algorithm}{}% 31
\BOOKMARK [1][-]{section.7.1}{7.1 Algorithms: Sequential and Logarithmic}{chapter.7}% 32
\BOOKMARK [1][-]{section.7.2}{7.2 Algorithm: ChunkedSwarm}{chapter.7}% 33
\BOOKMARK [0][-]{chapter.8}{8 Modules: Monitoring, Record-Viewer and Benchmark}{}% 34
\BOOKMARK [0][-]{chapter.9}{9 Module: Streaming}{}% 35
\BOOKMARK [0][-]{chapter.10}{10 Evaluation}{}% 36
\BOOKMARK [0][-]{chapter.11}{11 Future work}{}% 37
\BOOKMARK [0][-]{chapter*.4}{Bibliography}{}% 38
